<?xml version="1.0" encoding="UTF-8"?>
<!-- Generated by org.testng.reporters.JUnitReportReporter -->
<testsuite hostname="MININT-O4D1HMT" name="test.loops.TestLoopPractice1a" tests="3" failures="0" timestamp="25 Aug 2015 05:26:38 GMT" time="0.017" errors="0">
  <testcase name="testFibonacciSeq2" time="0.000" classname="test.loops.TestLoopPractice1a"/>
  <testcase name="testFibonacciSeq" time="0.016" classname="test.loops.TestLoopPractice1a"/>
  <testcase name="testFibonacciSeq1" time="0.001" classname="test.loops.TestLoopPractice1a"/>
</testsuite> <!-- test.loops.TestLoopPractice1a -->
