<?xml version="1.0" encoding="UTF-8"?>
<!-- Generated by org.testng.reporters.JUnitReportReporter -->
<testsuite hostname="MININT-O4D1HMT" name="test.loops.TestLoopsPractice1e" tests="1" failures="0" timestamp="25 Aug 2015 06:33:30 GMT" time="0.012" errors="0">
  <testcase name="testPrimeNumber1" time="0.012" classname="test.loops.TestLoopsPractice1e"/>
</testsuite> <!-- test.loops.TestLoopsPractice1e -->
