<?xml version="1.0" encoding="UTF-8"?>
<!-- Generated by org.testng.reporters.JUnitReportReporter -->
<testsuite hostname="MININT-O4D1HMT" name="com.github.wblPractice.loops.TestLoopsPractice1d" tests="1" failures="0" timestamp="25 Aug 2015 06:18:14 GMT" time="0.010" errors="0">
  <testcase name="testWithoutRecursionMethod" time="0.010" classname="com.github.wblPractice.loops.TestLoopsPractice1d"/>
</testsuite> <!-- com.github.wblPractice.loops.TestLoopsPractice1d -->
