<?xml version="1.0" encoding="UTF-8"?>
<!-- Generated by org.testng.reporters.JUnitReportReporter -->
<testsuite hostname="MININT-O4D1HMT" name="test.loops.TestLoopPractice1c" tests="1" failures="0" timestamp="25 Aug 2015 06:05:54 GMT" time="0.010" errors="0">
  <testcase name="testSwappingNumbersWithoutThirdVariale" time="0.010" classname="test.loops.TestLoopPractice1c"/>
</testsuite> <!-- test.loops.TestLoopPractice1c -->
